# JRE version: OpenJDK Runtime Environment (17.0.9) (build 17.0.9+0--11185874)
# Java VM: OpenJDK 64-Bit Server VM (17.0.9+0--11185874, mixed mode, tiered, compressed oops, compressed class ptrs, g1 gc, windows-amd64)
GC Precious Log:
 CPUs: 4 total, 4 available
 Memory: 8073M
 Large Page Support: Disabled
 NUMA Support: Disabled
 Compressed Oops: Enabled (32-bit)
 Heap Region Size: 1M
 Heap Min Capacity: 8M
 Heap Initial Capacity: 128M
 Heap Max Capacity: 2020M
 Pre-touch: Disabled
 Parallel Workers: 4
 Concurrent Workers: 1
 Concurrent Refinement Workers: 4
 Periodic GC: Disabled
Heap:
 garbage-first heap   total 58368K, used 27997K [0x0000000081c00000, 0x0000000100000000)
  region size 1024K, 2 young (2048K), 2 survivors (2048K)
 Metaspace       used 48384K, committed 48576K, reserved 1114112K
  class space    used 5863K, committed 5952K, reserved 1048576K
GC Heap History (20 events):
Event: 1.246 GC heap after
{Heap after GC invocations=3 (full 0):
 garbage-first heap   total 131072K, used 10456K [0x0000000081c00000, 0x0000000100000000)
  region size 1024K, 5 young (5120K), 5 survivors (5120K)
 Metaspace       used 21314K, committed 21504K, reserved 1114112K
  class space    used 2329K, committed 2432K, reserved 1048576K
}
Event: 1.681 GC heap before
{Heap before GC invocations=4 (full 0):
 garbage-first heap   total 45056K, used 31960K [0x0000000081c00000, 0x0000000100000000)
  region size 1024K, 26 young (26624K), 5 survivors (5120K)
 Metaspace       used 28176K, committed 28416K, reserved 1114112K
  class space    used 3415K, committed 3520K, reserved 1048576K
}
Event: 1.691 GC heap after
{Heap after GC invocations=5 (full 0):
 garbage-first heap   total 45056K, used 11522K [0x0000000081c00000, 0x0000000100000000)
  region size 1024K, 2 young (2048K), 2 survivors (2048K)
 Metaspace       used 28176K, committed 28416K, reserved 1114112K
  class space    used 3415K, committed 3520K, reserved 1048576K
}
Event: 1.728 GC heap before
{Heap before GC invocations=5 (full 0):
 garbage-first heap   total 45056K, used 11522K [0x0000000081c00000, 0x0000000100000000)
  region size 1024K, 3 young (3072K), 2 survivors (2048K)
 Metaspace       used 28602K, committed 28800K, reserved 1114112K
  class space    used 3568K, committed 3648K, reserved 1048576K
}
Event: 1.731 GC heap after
{Heap after GC invocations=6 (full 0):
 garbage-first heap   total 45056K, used 11582K [0x0000000081c00000, 0x0000000100000000)
  region size 1024K, 1 young (1024K), 1 survivors (1024K)
 Metaspace       used 28602K, committed 28800K, reserved 1114112K
  class space    used 3568K, committed 3648K, reserved 1048576K
}
Event: 2.153 GC heap before
{Heap before GC invocations=6 (full 0):
 garbage-first heap   total 45056K, used 33086K [0x0000000081c00000, 0x0000000100000000)
  region size 1024K, 21 young (21504K), 1 survivors (1024K)
 Metaspace       used 29368K, committed 29568K, reserved 1114112K
  class space    used 3621K, committed 3712K, reserved 1048576K
}
Event: 2.163 GC heap after
{Heap after GC invocations=7 (full 0):
 garbage-first heap   total 45056K, used 18727K [0x0000000081c00000, 0x0000000100000000)
  region size 1024K, 3 young (3072K), 3 survivors (3072K)
 Metaspace       used 29368K, committed 29568K, reserved 1114112K
  class space    used 3621K, committed 3712K, reserved 1048576K
}
Event: 2.405 GC heap before
{Heap before GC invocations=7 (full 0):
 garbage-first heap   total 45056K, used 32039K [0x0000000081c00000, 0x0000000100000000)
  region size 1024K, 16 young (16384K), 3 survivors (3072K)
 Metaspace       used 32459K, committed 32704K, reserved 1114112K
  class space    used 4173K, committed 4288K, reserved 1048576K
}
Event: 2.416 GC heap after
{Heap after GC invocations=8 (full 0):
 garbage-first heap   total 58368K, used 20735K [0x0000000081c00000, 0x0000000100000000)
  region size 1024K, 2 young (2048K), 2 survivors (2048K)
 Metaspace       used 32459K, committed 32704K, reserved 1114112K
  class space    used 4173K, committed 4288K, reserved 1048576K
}
Event: 2.826 GC heap before
{Heap before GC invocations=8 (full 0):
 garbage-first heap   total 58368K, used 40191K [0x0000000081c00000, 0x0000000100000000)
  region size 1024K, 22 young (22528K), 2 survivors (2048K)
 Metaspace       used 35983K, committed 36160K, reserved 1114112K
  class space    used 4558K, committed 4672K, reserved 1048576K
}
Event: 2.834 GC heap after
{Heap after GC invocations=9 (full 0):
 garbage-first heap   total 58368K, used 21359K [0x0000000081c00000, 0x0000000100000000)
  region size 1024K, 3 young (3072K), 3 survivors (3072K)
 Metaspace       used 35983K, committed 36160K, reserved 1114112K
  class space    used 4558K, committed 4672K, reserved 1048576K
}
Event: 3.149 GC heap before
{Heap before GC invocations=10 (full 0):
 garbage-first heap   total 58368K, used 40815K [0x0000000081c00000, 0x0000000100000000)
  region size 1024K, 22 young (22528K), 3 survivors (3072K)
 Metaspace       used 39963K, committed 40192K, reserved 1114112K
  class space    used 4906K, committed 4992K, reserved 1048576K
}
Event: 3.156 GC heap after
{Heap after GC invocations=11 (full 0):
 garbage-first heap   total 58368K, used 23713K [0x0000000081c00000, 0x0000000100000000)
  region size 1024K, 3 young (3072K), 3 survivors (3072K)
 Metaspace       used 39963K, committed 40192K, reserved 1114112K
  class space    used 4906K, committed 4992K, reserved 1048576K
}
Event: 3.558 GC heap before
{Heap before GC invocations=12 (full 0):
 garbage-first heap   total 58368K, used 43169K [0x0000000081c00000, 0x0000000100000000)
  region size 1024K, 22 young (22528K), 3 survivors (3072K)
 Metaspace       used 44563K, committed 44800K, reserved 1114112K
  class space    used 5448K, committed 5568K, reserved 1048576K
}
Event: 3.564 GC heap after
{Heap after GC invocations=13 (full 0):
 garbage-first heap   total 58368K, used 24984K [0x0000000081c00000, 0x0000000100000000)
  region size 1024K, 2 young (2048K), 2 survivors (2048K)
 Metaspace       used 44563K, committed 44800K, reserved 1114112K
  class space    used 5448K, committed 5568K, reserved 1048576K
}
Event: 3.584 GC heap before
{Heap before GC invocations=13 (full 0):
 garbage-first heap   total 58368K, used 24984K [0x0000000081c00000, 0x0000000100000000)
  region size 1024K, 3 young (3072K), 2 survivors (2048K)
 Metaspace       used 44705K, committed 44928K, reserved 1114112K
  class space    used 5465K, committed 5568K, reserved 1048576K
}
Event: 3.589 GC heap after
{Heap after GC invocations=14 (full 0):
 garbage-first heap   total 58368K, used 24809K [0x0000000081c00000, 0x0000000100000000)
  region size 1024K, 1 young (1024K), 1 survivors (1024K)
 Metaspace       used 44705K, committed 44928K, reserved 1114112K
  class space    used 5465K, committed 5568K, reserved 1048576K
}
Event: 3.996 GC heap before
{Heap before GC invocations=14 (full 0):
 garbage-first heap   total 58368K, used 45289K [0x0000000081c00000, 0x0000000100000000)
  region size 1024K, 20 young (20480K), 1 survivors (1024K)
 Metaspace       used 48311K, committed 48512K, reserved 1114112K
  class space    used 5863K, committed 5952K, reserved 1048576K
}
Event: 4.002 GC heap after
{Heap after GC invocations=15 (full 0):
 garbage-first heap   total 58368K, used 26663K [0x0000000081c00000, 0x0000000100000000)
  region size 1024K, 3 young (3072K), 3 survivors (3072K)
 Metaspace       used 48311K, committed 48512K, reserved 1114112K
  class space    used 5863K, committed 5952K, reserved 1048576K
}
Event: 4.074 GC heap before
{Heap before GC invocations=15 (full 0):
 garbage-first heap   total 58368K, used 44071K [0x0000000081c00000, 0x0000000100000000)
  region size 1024K, 20 young (20480K), 3 survivors (3072K)
 Metaspace       used 48384K, committed 48576K, reserved 1114112K
  class space    used 5863K, committed 5952K, reserved 1048576K
}

